Running: /opt/Xilinx/14.7/ISE_DS/ISE/bin/lin64/unwrapped/fuse -intstyle ise -incremental -lib unisims_ver -lib unimacro_ver -lib xilinxcorelib_ver -o /users/btech/aniketg/topendrive/seven/seven_top_isim_beh.exe -prj /users/btech/aniketg/topendrive/seven/seven_top_beh.prj work.seven_top work.glbl 
ISim P.20131013 (signature 0xfbc00daa)
Number of CPUs detected in this system: 4
Turning on mult-threading, number of parallel sub-compilation jobs: 8 
Determining compilation order of HDL files
Analyzing Verilog file "/users/btech/aniketg/topendrive/seven/full_adder.v" into library work
Analyzing Verilog file "/users/btech/aniketg/topendrive/seven/seven.v" into library work
Analyzing Verilog file "/users/btech/aniketg/topendrive/seven/seven_top.v" into library work
Analyzing Verilog file "/opt/Xilinx/14.7/ISE_DS/ISE//verilog/src/glbl.v" into library work
Starting static elaboration
Completed static elaboration
Fuse Memory Usage: 94624 KB
Fuse CPU Usage: 2490 ms
Compiling module full_adder
Compiling module s7_bit_adder
Compiling module seven_top
Compiling module glbl
Time Resolution for simulation is 1ps.
Waiting for 1 sub-compilation(s) to finish...
Compiled 4 Verilog Units
Built simulation executable /users/btech/aniketg/topendrive/seven/seven_top_isim_beh.exe
Fuse Memory Usage: 654852 KB
Fuse CPU Usage: 2560 ms
GCC CPU Usage: 1510 ms
